<?xml version="1.0" encoding="UTF-8"?>
<!-- Generated by org.testng.reporters.JUnitReportReporter -->
<testsuite hostname="LAPTOP-MATHCUTA" failures="0" tests="5" name="MavenProject.SeleniumTestNGProject.BaiscSeleniumInteractions" time="3.815" errors="0" timestamp="2023-06-05T17:18:30 GMT-04:00" skipped="0">
  <testcase classname="MavenProject.SeleniumTestNGProject.BaiscSeleniumInteractions" name="TInput" time="0.645"/>
  <system-out/>
  <testcase classname="MavenProject.SeleniumTestNGProject.BaiscSeleniumInteractions" name="linkTextCount" time="2.447"/>
  <system-out/>
  <testcase classname="MavenProject.SeleniumTestNGProject.BaiscSeleniumInteractions" name="dropDownAndRadio" time="0.718"/>
  <system-out/>
  <testcase classname="MavenProject.SeleniumTestNGProject.BaiscSeleniumInteractions" name="finalExtentReport" time="0.003"/>
  <system-out/>
  <testcase classname="MavenProject.SeleniumTestNGProject.BaiscSeleniumInteractions" name="passExtentReport" time="0.002"/>
  <system-out/>
</testsuite> <!-- MavenProject.SeleniumTestNGProject.BaiscSeleniumInteractions -->
