<?xml version="1.0" encoding="UTF-8"?>
<!-- Generated by org.testng.reporters.JUnitReportReporter -->
<testsuite hostname="LAPTOP-MATHCUTA" failures="0" tests="1" name="MavenProject.SeleniumTestNGProject.TC02_BaiscSeleniumInteractionsExtentReport" time="5.199" errors="0" timestamp="2023-06-05T19:28:33 GMT-04:00" skipped="0">
  <testcase classname="MavenProject.SeleniumTestNGProject.TC02_BaiscSeleniumInteractionsExtentReport" name="linkTextCountER" time="5.199"/>
  <system-out/>
</testsuite> <!-- MavenProject.SeleniumTestNGProject.TC02_BaiscSeleniumInteractionsExtentReport -->
