<?xml version="1.0" encoding="UTF-8"?>
<!-- Generated by org.testng.reporters.JUnitReportReporter -->
<testsuite hostname="LAPTOP-MATHCUTA" failures="0" tests="5" name="MavenProject.SeleniumTestNGProject.BaiscSeleniumInteractionsExtentReportlog4J" time="11.998" errors="0" timestamp="2023-06-05T17:43:44 GMT-04:00" skipped="0">
  <testcase classname="MavenProject.SeleniumTestNGProject.BaiscSeleniumInteractionsExtentReportlog4J" name="TInputER" time="2.573"/>
  <system-out/>
  <testcase classname="MavenProject.SeleniumTestNGProject.BaiscSeleniumInteractionsExtentReportlog4J" name="linkTextCountER" time="4.703"/>
  <system-out/>
  <testcase classname="MavenProject.SeleniumTestNGProject.BaiscSeleniumInteractionsExtentReportlog4J" name="dropDownAndRadioER" time="0.794"/>
  <system-out/>
  <testcase classname="MavenProject.SeleniumTestNGProject.BaiscSeleniumInteractionsExtentReportlog4J" name="CalendarOneER" time="3.872"/>
  <system-out/>
  <testcase classname="MavenProject.SeleniumTestNGProject.BaiscSeleniumInteractionsExtentReportlog4J" name="passExtentReportER" time="0.056"/>
  <system-out/>
</testsuite> <!-- MavenProject.SeleniumTestNGProject.BaiscSeleniumInteractionsExtentReportlog4J -->
