<?xml version="1.0" encoding="UTF-8"?>
<!-- Generated by org.testng.reporters.JUnitReportReporter -->
<testsuite hostname="LAPTOP-MATHCUTA" failures="0" tests="5" name="MavenProject.SeleniumTestNGProject.BaiscSeleniumInteractionsExtentReport" time="13.635" errors="0" timestamp="2023-06-05T17:39:11 GMT-04:00" skipped="0">
  <testcase classname="MavenProject.SeleniumTestNGProject.BaiscSeleniumInteractionsExtentReport" name="TInputER" time="2.876"/>
  <system-out/>
  <testcase classname="MavenProject.SeleniumTestNGProject.BaiscSeleniumInteractionsExtentReport" name="linkTextCountER" time="5.359"/>
  <system-out/>
  <testcase classname="MavenProject.SeleniumTestNGProject.BaiscSeleniumInteractionsExtentReport" name="dropDownAndRadioER" time="1.248"/>
  <system-out/>
  <testcase classname="MavenProject.SeleniumTestNGProject.BaiscSeleniumInteractionsExtentReport" name="CalendarOneER" time="4.102"/>
  <system-out/>
  <testcase classname="MavenProject.SeleniumTestNGProject.BaiscSeleniumInteractionsExtentReport" name="passExtentReportER" time="0.050"/>
  <system-out/>
</testsuite> <!-- MavenProject.SeleniumTestNGProject.BaiscSeleniumInteractionsExtentReport -->
