<?xml version="1.0" encoding="UTF-8"?>
<!-- Generated by org.testng.reporters.JUnitReportReporter -->
<testsuite hostname="LAPTOP-MATHCUTA" failures="0" tests="5" name="MavenProject.SeleniumTestNGProject.TC03_BaiscSeleniumInteractionsExtentReportlog4J" time="13.058" errors="0" timestamp="2023-06-05T19:14:56 GMT-04:00" skipped="0">
  <testcase classname="MavenProject.SeleniumTestNGProject.TC03_BaiscSeleniumInteractionsExtentReportlog4J" name="TInputER" time="2.605"/>
  <system-out/>
  <testcase classname="MavenProject.SeleniumTestNGProject.TC03_BaiscSeleniumInteractionsExtentReportlog4J" name="linkTextCountER" time="4.665"/>
  <system-out/>
  <testcase classname="MavenProject.SeleniumTestNGProject.TC03_BaiscSeleniumInteractionsExtentReportlog4J" name="dropDownAndRadioER" time="1.095"/>
  <system-out/>
  <testcase classname="MavenProject.SeleniumTestNGProject.TC03_BaiscSeleniumInteractionsExtentReportlog4J" name="CalendarOneER" time="4.624"/>
  <system-out/>
  <testcase classname="MavenProject.SeleniumTestNGProject.TC03_BaiscSeleniumInteractionsExtentReportlog4J" name="passExtentReportER" time="0.069"/>
  <system-out/>
</testsuite> <!-- MavenProject.SeleniumTestNGProject.TC03_BaiscSeleniumInteractionsExtentReportlog4J -->
